<?xml version="1.0" encoding="UTF-8"?>
<!-- Generated by org.testng.reporters.JUnitXMLReporter -->
<testsuite ignored="0" hostname="DESKTOP-DNVR5H8" failures="0" tests="4" name="Default test" time="0.324" errors="0" timestamp="22 Feb 2024 16:00:54 GMT">
  <testcase classname="testNG.TestNGEx7" name="m1" time="0.057"/>
  <testcase classname="testNG.TestNGEx7" name="m2" time="0.039"/>
  <testcase classname="testNG.TestNGEx7" name="m3" time="0.051"/>
  <testcase classname="testNG.TestNGEx7" name="m4" time="0.036"/>
</testsuite> <!-- Default test -->
