<?xml version="1.0" encoding="UTF-8"?>
<!-- Generated by org.testng.reporters.JUnitXMLReporter -->
<testsuite ignored="0" hostname="DESKTOP-DNVR5H8" failures="0" tests="4" name="Test" time="0.433" errors="0" timestamp="22 Feb 2024 16:22:48 GMT">
  <testcase classname="testNG.TestNGEx7" name="m1" time="0.12"/>
  <testcase classname="testNG.TestNGEx7" name="m2" time="0.009"/>
  <testcase classname="testNG.TestNGEx7" name="m3" time="0.06"/>
  <testcase classname="testNG.TestNGEx7" name="m4" time="0.09"/>
</testsuite> <!-- Test -->
