<?xml version="1.0" encoding="UTF-8"?>
<testng-results ignored="0" total="4" passed="4" failed="0" skipped="0">
  <reporter-output>
  </reporter-output>
  <suite started-at="2024-02-22T16:22:47Z" name="Suite" finished-at="2024-02-22T16:22:47Z" duration-ms="433">
    <groups>
    </groups>
    <test started-at="2024-02-22T16:22:47Z" name="Test" finished-at="2024-02-22T16:22:47Z" duration-ms="433">
      <class name="testNG.TestNGEx7">
        <test-method signature="m1()[pri:0, instance:testNG.TestNGEx7@c7ba306]" started-at="2024-02-22T16:22:47Z" name="m1" finished-at="2024-02-22T16:22:47Z" duration-ms="120" status="PASS">
          <reporter-output>
          </reporter-output>
        </test-method> <!-- m1 -->
        <test-method signature="m2()[pri:0, instance:testNG.TestNGEx7@c7ba306]" started-at="2024-02-22T16:22:47Z" name="m2" finished-at="2024-02-22T16:22:47Z" duration-ms="9" status="PASS">
          <reporter-output>
          </reporter-output>
        </test-method> <!-- m2 -->
        <test-method signature="m3()[pri:0, instance:testNG.TestNGEx7@c7ba306]" started-at="2024-02-22T16:22:47Z" name="m3" finished-at="2024-02-22T16:22:47Z" duration-ms="60" status="PASS">
          <reporter-output>
          </reporter-output>
        </test-method> <!-- m3 -->
        <test-method signature="m4()[pri:0, instance:testNG.TestNGEx7@c7ba306]" started-at="2024-02-22T16:22:47Z" name="m4" finished-at="2024-02-22T16:22:47Z" duration-ms="90" status="PASS">
          <reporter-output>
          </reporter-output>
        </test-method> <!-- m4 -->
      </class> <!-- testNG.TestNGEx7 -->
    </test> <!-- Test -->
  </suite> <!-- Suite -->
</testng-results>
